<?xml version="1.0" encoding="UTF-8"?>
<testng-results ignored="0" total="1" passed="1" failed="0" skipped="0">
  <reporter-output>
    <line>
      <![CDATA[hello]]>
    </line>
  </reporter-output>
  <suite started-at="2023-09-30T20:34:31 IST" name="Default suite" finished-at="2023-09-30T20:34:31 IST" duration-ms="109">
    <groups>
    </groups>
    <test started-at="2023-09-30T20:34:31 IST" name="Default test" finished-at="2023-09-30T20:34:31 IST" duration-ms="109">
      <class name="TestNG.Testng1">
        <test-method signature="test1()[pri:0, instance:TestNG.Testng1@2f05be7f]" started-at="2023-09-30T20:34:31 IST" name="test1" finished-at="2023-09-30T20:34:31 IST" duration-ms="11" status="PASS">
          <reporter-output>
            <line>
              <![CDATA[hello]]>
            </line>
          </reporter-output>
        </test-method> <!-- test1 -->
      </class> <!-- TestNG.Testng1 -->
    </test> <!-- Default test -->
  </suite> <!-- Default suite -->
</testng-results>
